0 info it worked if it ends with ok
1 verbose cli [ 'C:\\Program Files\\nodejs\\node.exe',
1 verbose cli   'C:\\Users\\pc\\AppData\\Roaming\\npm\\node_modules\\npm\\bin\\npm-cli.js',
1 verbose cli   'start' ]
2 info using npm@3.10.5
3 info using node@v6.2.1
4 verbose run-script [ 'prestart', 'start', 'poststart' ]
5 info lifecycle io-chat@1.0.0~prestart: io-chat@1.0.0
6 silly lifecycle io-chat@1.0.0~prestart: no script for prestart, continuing
7 info lifecycle io-chat@1.0.0~start: io-chat@1.0.0
8 verbose lifecycle io-chat@1.0.0~start: unsafe-perm in lifecycle true
9 verbose lifecycle io-chat@1.0.0~start: PATH: C:\Users\pc\AppData\Roaming\npm\node_modules\npm\bin\node-gyp-bin;D:\node\io-chat\node_modules\.bin;C:\Program Files\nodejs;C:\ProgramData\Oracle\Java\javapath;C:\Python27\;C:\Python27\Scripts;C:\Windows\system32;C:\Windows;C:\Windows\System32\Wbem;C:\Windows\System32\WindowsPowerShell\v1.0\;C:\Program Files (x86)\ATI Technologies\ATI.ACE\Core-Static;C:\adb;C:\Program Files\Common Files\Autodesk Shared\;C:\Program Files\nodejs\;C:\Program Files\Java\jdk1.7.0_79\bin;C:\WINDOWS\system32;C:\WINDOWS;C:\WINDOWS\System32\Wbem;C:\WINDOWS\System32\WindowsPowerShell\v1.0\;C:\Users\pc\AppData\Roaming\npm;C:\Program Files (x86)\Microsoft VS Code\bin;C:\Users\pc\AppData\Local\Microsoft\WindowsApps
10 verbose lifecycle io-chat@1.0.0~start: CWD: D:\node\io-chat
11 silly lifecycle io-chat@1.0.0~start: Args: [ '/d /s /c', 'node server.js' ]
12 silly lifecycle io-chat@1.0.0~start: Returned: code: 1  signal: null
13 info lifecycle io-chat@1.0.0~start: Failed to exec start script
14 verbose stack Error: io-chat@1.0.0 start: `node server.js`
14 verbose stack Exit status 1
14 verbose stack     at EventEmitter.<anonymous> (C:\Users\pc\AppData\Roaming\npm\node_modules\npm\lib\utils\lifecycle.js:242:16)
14 verbose stack     at emitTwo (events.js:106:13)
14 verbose stack     at EventEmitter.emit (events.js:191:7)
14 verbose stack     at ChildProcess.<anonymous> (C:\Users\pc\AppData\Roaming\npm\node_modules\npm\lib\utils\spawn.js:40:14)
14 verbose stack     at emitTwo (events.js:106:13)
14 verbose stack     at ChildProcess.emit (events.js:191:7)
14 verbose stack     at maybeClose (internal/child_process.js:852:16)
14 verbose stack     at Process.ChildProcess._handle.onexit (internal/child_process.js:215:5)
15 verbose pkgid io-chat@1.0.0
16 verbose cwd D:\node\io-chat
17 error Windows_NT 10.0.14393
18 error argv "C:\\Program Files\\nodejs\\node.exe" "C:\\Users\\pc\\AppData\\Roaming\\npm\\node_modules\\npm\\bin\\npm-cli.js" "start"
19 error node v6.2.1
20 error npm  v3.10.5
21 error code ELIFECYCLE
22 error io-chat@1.0.0 start: `node server.js`
22 error Exit status 1
23 error Failed at the io-chat@1.0.0 start script 'node server.js'.
23 error Make sure you have the latest version of node.js and npm installed.
23 error If you do, this is most likely a problem with the io-chat package,
23 error not with npm itself.
23 error Tell the author that this fails on your system:
23 error     node server.js
23 error You can get information on how to open an issue for this project with:
23 error     npm bugs io-chat
23 error Or if that isn't available, you can get their info via:
23 error     npm owner ls io-chat
23 error There is likely additional logging output above.
24 verbose exit [ 1, true ]
